Using pre-set license
Built from '2020.3/release' branch; Version is '2020.3.1f1 (77a89f25062f) revision 7841951'; Using compiler version '192528614'; Build Type 'Release'
OS: 'Windows 10 Pro; OS build 19042.906; Version 2009; 64bit' Language: 'de' Physical Memory: 7995 MB
BatchMode: 1, IsHumanControllingUs: 0, StartBugReporterOnCrash: 0, Is64bit: 1, IsPro: 0

 COMMAND LINE ARGUMENTS:
C:\Program Files\Unity\Hub\Editor\2020.3.1f1\Editor\Unity.exe
-adb2
-batchMode
-noUpm
-name
AssetImportWorker0
-projectPath
E:/ALLES/Code/Github/Raumschiff1/Raumfahrt2
-logFile
Logs/AssetImportWorker0.log
-srvPort
56664
Successfully changed project path to: E:/ALLES/Code/Github/Raumschiff1/Raumfahrt2
E:/ALLES/Code/Github/Raumschiff1/Raumfahrt2
Using Asset Import Pipeline V2.
Unable to join player connection multicast group.

Refreshing native plugins compatible for Editor in 124.04 ms, found 0 plugins.
Preloading 0 native plugins for Editor in 0.00 ms.
Initialize engine version: 2020.3.1f1 (77a89f25062f)
[Subsystems] Discovering subsystems at path C:/Program Files/Unity/Hub/Editor/2020.3.1f1/Editor/Data/Resources/UnitySubsystems
[Subsystems] Discovering subsystems at path E:/ALLES/Code/Github/Raumschiff1/Raumfahrt2/Assets
GfxDevice: creating device client; threaded=0
Direct3D:
    Version:  Direct3D 11.0 [level 11.1]
    Renderer: Intel(R) UHD Graphics (ID=0x9b41)
    Vendor:   
    VRAM:     3997 MB
    Driver:   27.20.100.8935
Initialize mono
Mono path[0] = 'C:/Program Files/Unity/Hub/Editor/2020.3.1f1/Editor/Data/Managed'
Mono path[1] = 'C:/Program Files/Unity/Hub/Editor/2020.3.1f1/Editor/Data/MonoBleedingEdge/lib/mono/unityjit'
Mono config path = 'C:/Program Files/Unity/Hub/Editor/2020.3.1f1/Editor/Data/MonoBleedingEdge/etc'
Using monoOptions --debugger-agent=transport=dt_socket,embedding=1,server=y,suspend=n,address=127.0.0.1:56400
Begin MonoManager ReloadAssembly
Registering precompiled unity dll's ...
Register platform support module: C:/Program Files/Unity/Hub/Editor/2020.3.1f1/Editor/Data/PlaybackEngines/WebGLSupport/UnityEditor.WebGL.Extensions.dll
Register platform support module: C:/Program Files/Unity/Hub/Editor/2020.3.1f1/Editor/Data/PlaybackEngines/MacStandaloneSupport/UnityEditor.OSXStandalone.Extensions.dll
Register platform support module: C:/Program Files/Unity/Hub/Editor/2020.3.1f1/Editor/Data/PlaybackEngines/WindowsStandaloneSupport/UnityEditor.WindowsStandalone.Extensions.dll
Register platform support module: C:/Program Files/Unity/Hub/Editor/2020.3.1f1/Editor/Data/PlaybackEngines/LinuxStandaloneSupport/UnityEditor.LinuxStandalone.Extensions.dll
Registered in 0.002829 seconds.
Native extension for LinuxStandalone target not found
Native extension for WindowsStandalone target not found
Native extension for OSXStandalone target not found
Native extension for WebGL target not found
Refreshing native plugins compatible for Editor in 106.04 ms, found 0 plugins.
Preloading 0 native plugins for Editor in 0.00 ms.
Invoked RoslynAnalysisRunner static constructor.
RoslynAnalysisRunner will not be running.
RoslynAnalysisRunner has terminated.
Mono: successfully reloaded assembly
- Completed reload, in  2.195 seconds
Platform modules already initialized, skipping
Registering precompiled user dll's ...
Registered in 0.003306 seconds.
Begin MonoManager ReloadAssembly
Native extension for LinuxStandalone target not found
Native extension for WindowsStandalone target not found
Native extension for OSXStandalone target not found
Native extension for WebGL target not found
Refreshing native plugins compatible for Editor in 99.85 ms, found 0 plugins.
Preloading 0 native plugins for Editor in 0.00 ms.
Invoked RoslynAnalysisRunner static constructor.
RoslynAnalysisRunner will not be running.
RoslynAnalysisRunner has terminated.
Find all reader and writers took 150 milliseconds
Script Module: UnityEngine.UI.dll
Weave behaviours and messages took69 milliseconds
Find all reader and writers took 81 milliseconds
Script Module: Unity.RenderPipelines.Core.Runtime.dll
Weave behaviours and messages took42 milliseconds
Find all reader and writers took 88 milliseconds
Script Module: UnityEngine.TestRunner.dll
Weave behaviours and messages took13 milliseconds
Find all reader and writers took 93 milliseconds
Script Module: Unity.RenderPipelines.HighDefinition.Runtime.dll
Weave behaviours and messages took151 milliseconds
Find all reader and writers took 74 milliseconds
Script Module: SimpleWebTransport.dll
Weave behaviours and messages took4 milliseconds
Find all reader and writers took 96 milliseconds
Script Module: Unity.TextMeshPro.dll
Weave behaviours and messages took41 milliseconds
Find all reader and writers took 100 milliseconds
Script Module: Unity.VisualEffectGraph.Runtime.dll
Weave behaviours and messages took13 milliseconds
Find all reader and writers took 70 milliseconds
Script Module: Unity.ProBuilder.Poly2Tri.dll
Weave behaviours and messages took4 milliseconds
Find all reader and writers took 71 milliseconds
Script Module: Cinemachine.dll
Weave behaviours and messages took27 milliseconds
Find all reader and writers took 72 milliseconds
Script Module: Unity.Timeline.dll
Weave behaviours and messages took17 milliseconds
Find all reader and writers took 74 milliseconds
Script Module: Unity.ProBuilder.dll
Weave behaviours and messages took34 milliseconds
Find all reader and writers took 68 milliseconds
Script Module: Telepathy.dll
Weave behaviours and messages took1 milliseconds
Find all reader and writers took 77 milliseconds
Script Module: Unity.ProGrids.dll
Weave behaviours and messages took0 milliseconds
Find all reader and writers took 70 milliseconds
Script Module: Unity.ProBuilder.Csg.dll
Weave behaviours and messages took2 milliseconds
Find all reader and writers took 71 milliseconds
Script Module: Mirror.Cloud.dll
Weave behaviours and messages took1 milliseconds
Find all reader and writers took 75 milliseconds
Script Module: kcp2k.dll
Weave behaviours and messages took2 milliseconds
Find all reader and writers took 71 milliseconds
Script Module: Mirror.Examples.Cloud.GUI.dll
Weave behaviours and messages took2 milliseconds
Find all reader and writers took 79 milliseconds
Script Module: Unity.ProBuilder.KdTree.dll
Weave behaviours and messages took2 milliseconds
Find all reader and writers took 71 milliseconds
Script Module: Unity.RenderPipelines.Core.ShaderLibrary.dll
Weave behaviours and messages took0 milliseconds
Find all reader and writers took 69 milliseconds
Script Module: Unity.ProBuilder.Stl.dll
Weave behaviours and messages took0 milliseconds
Find all reader and writers took 75 milliseconds
Script Module: Unity.RenderPipelines.ShaderGraph.ShaderGraphLibrary.dll
Weave behaviours and messages took0 milliseconds
Find all reader and writers took 73 milliseconds
Script Module: Unity.RenderPipelines.HighDefinition.Config.Runtime.dll
Weave behaviours and messages took0 milliseconds
Find all reader and writers took 90 milliseconds
Script Module: com.unity.cinemachine.editor.dll
Weave behaviours and messages took19 milliseconds
Find all reader and writers took 119 milliseconds
Script Module: UnityEditor.TestRunner.dll
Weave behaviours and messages took28 milliseconds
Find all reader and writers took 92 milliseconds
Script Module: ParrelSync.dll
Weave behaviours and messages took1 milliseconds
Find all reader and writers took 101 milliseconds
Script Module: Unity.Toolchain.Win-x86_64-Linux-x86_64.dll
Weave behaviours and messages took0 milliseconds
Find all reader and writers took 94 milliseconds
Script Module: Unity.ProBuilder.AssetIdRemapUtility.dll
Weave behaviours and messages took2 milliseconds
Find all reader and writers took 75 milliseconds
Script Module: Mirror.CompilerSymbols.dll
Weave behaviours and messages took0 milliseconds
Find all reader and writers took 112 milliseconds
Script Module: UnityEditor.UI.dll
Weave behaviours and messages took8 milliseconds
Find all reader and writers took 77 milliseconds
Script Module: Unity.ShaderGraph.Utilities.dll
Weave behaviours and messages took0 milliseconds
Find all reader and writers took 85 milliseconds
Script Module: Unity.Sysroot.Linux_x86_64.dll
Weave behaviours and messages took0 milliseconds
Mono: successfully reloaded assembly
- Completed reload, in 10.347 seconds
Platform modules already initialized, skipping
========================================================================
Worker process is ready to serve import requests
Launched and connected shader compiler UnityShaderCompiler.exe after 0.09 seconds
Refreshing native plugins compatible for Editor in 0.75 ms, found 0 plugins.
Preloading 0 native plugins for Editor in 0.00 ms.
Unloading 4197 Unused Serialized files (Serialized files now loaded: 0)
System memory in use before: 198.9 MB.
System memory in use after: 199.1 MB.

Unloading 149 unused Assets to reduce memory usage. Loaded Objects now: 4631.
Total: 5.008500 ms (FindLiveObjects: 0.628600 ms CreateObjectMapping: 0.277100 ms MarkObjects: 3.649400 ms  DeleteObjects: 0.451400 ms)

========================================================================
Received Import Request.
  path: Assets/InputSystem.inputsettings.asset
  artifactKey: Guid(0f10d7ab95078e847a734a72cb5e8851) Importer(815301076,1909f56bfc062723c751e8b465ee728b)
Start importing Assets/InputSystem.inputsettings.asset using Guid(0f10d7ab95078e847a734a72cb5e8851) Importer(815301076,1909f56bfc062723c751e8b465ee728b)  -> (artifact id: 'a16907d19b7f0f75736d981c7390de0f') in 0.067298 seconds
  Import took 0.212423 seconds .

========================================================================
Received Import Request.
  Time since last request: 25.142479 seconds.
  path: Assets/ExampleSCene/Readme.asset
  artifactKey: Guid(83c2ed844a8c74b779a4c823d16594b1) Importer(815301076,1909f56bfc062723c751e8b465ee728b)
Start importing Assets/ExampleSCene/Readme.asset using Guid(83c2ed844a8c74b779a4c823d16594b1) Importer(815301076,1909f56bfc062723c751e8b465ee728b)  -> (artifact id: '803de160d0ee9ec51471675b01e3ad0f') in 0.006779 seconds
  Import took 0.144689 seconds .

========================================================================
Received Import Request.
  Time since last request: 0.000554 seconds.
  path: Assets/ExampleSCene/VFXDefaultResources.asset
  artifactKey: Guid(145290c901d58b343bdeb3b4362c9ff2) Importer(815301076,1909f56bfc062723c751e8b465ee728b)
Start importing Assets/ExampleSCene/VFXDefaultResources.asset using Guid(145290c901d58b343bdeb3b4362c9ff2) Importer(815301076,1909f56bfc062723c751e8b465ee728b)  -> (artifact id: '855fc428e73a3213c6c583a295b75c80') in 0.049245 seconds
  Import took 0.085791 seconds .

========================================================================
Received Import Request.
  Time since last request: 0.124230 seconds.
  path: Assets/ExampleSCene/Readme.asset
  artifactKey: Guid(83c2ed844a8c74b779a4c823d16594b1) Importer(815301076,1909f56bfc062723c751e8b465ee728b)
Start importing Assets/ExampleSCene/Readme.asset using Guid(83c2ed844a8c74b779a4c823d16594b1) Importer(815301076,1909f56bfc062723c751e8b465ee728b)  -> (artifact id: '803de160d0ee9ec51471675b01e3ad0f') in 0.009136 seconds
  Import took 0.019826 seconds .

========================================================================
Received Prepare
Refreshing native plugins compatible for Editor in 24.56 ms, found 0 plugins.
Preloading 0 native plugins for Editor in 0.00 ms.
Unloading 9 Unused Serialized files (Serialized files now loaded: 0)
System memory in use before: 103.5 MB.
System memory in use after: 103.7 MB.

Unloading 9 unused Assets to reduce memory usage. Loaded Objects now: 4632.
Total: 500.347400 ms (FindLiveObjects: 8.939200 ms CreateObjectMapping: 0.381100 ms MarkObjects: 490.136400 ms  DeleteObjects: 0.888100 ms)

========================================================================
Received Import Request.
  Time since last request: 2159.131330 seconds.
  path: Assets/Prefabs/Player [connId=0].prefab
  artifactKey: Guid(3279e285243f289499e16190f4988d6c) Importer(815301076,1909f56bfc062723c751e8b465ee728b)
Start importing Assets/Prefabs/Player [connId=0].prefab using Guid(3279e285243f289499e16190f4988d6c) Importer(815301076,1909f56bfc062723c751e8b465ee728b)  -> (artifact id: '71f01d7abedd4518f9cb8925077342b8') in 9.622691 seconds
  Import took 9.938527 seconds .

========================================================================
Received Import Request.
  Time since last request: 0.283384 seconds.
  path: Assets/Prefabs/Player [connId=0].prefab
  artifactKey: Guid(3279e285243f289499e16190f4988d6c) Importer(815301076,1909f56bfc062723c751e8b465ee728b)
Start importing Assets/Prefabs/Player [connId=0].prefab using Guid(3279e285243f289499e16190f4988d6c) Importer(815301076,1909f56bfc062723c751e8b465ee728b)  -> (artifact id: '71f01d7abedd4518f9cb8925077342b8') in 0.111429 seconds
  Import took 0.177842 seconds .

========================================================================
Received Prepare
Registering precompiled user dll's ...
Registered in 0.010376 seconds.
Begin MonoManager ReloadAssembly
Native extension for LinuxStandalone target not found
Native extension for WindowsStandalone target not found
Native extension for OSXStandalone target not found
Native extension for WebGL target not found
Refreshing native plugins compatible for Editor in 0.91 ms, found 0 plugins.
Preloading 0 native plugins for Editor in 0.00 ms.
Warning: Annotation not found!
UnityEngine.StackTraceUtility:ExtractStackTrace ()
UnityEditor.ProBuilder.EditorUtility:SetGizmoIconEnabled (System.Type,bool) (at E:/ALLES/Code/Unity/Raumfahrttest/Raumfahrt1/Library/PackageCache/com.unity.probuilder@4.5.0/Editor/EditorCore/EditorUtility.cs:593)
UnityEditor.ProBuilder.HierarchyListener:.cctor () (at E:/ALLES/Code/Unity/Raumfahrttest/Raumfahrt1/Library/PackageCache/com.unity.probuilder@4.5.0/Editor/EditorCore/HierarchyListener.cs:21)
System.Runtime.CompilerServices.RuntimeHelpers:RunClassConstructor (System.RuntimeTypeHandle)
UnityEditor.EditorAssemblies:ProcessInitializeOnLoadAttributes (System.Type[])

[E:/ALLES/Code/Unity/Raumfahrttest/Raumfahrt1/Library/PackageCache/com.unity.probuilder@4.5.0/Editor/EditorCore/EditorUtility.cs line 593]

Invoked RoslynAnalysisRunner static constructor.
RoslynAnalysisRunner will not be running.
RoslynAnalysisRunner has terminated.
Mono: successfully reloaded assembly
- Completed reload, in  4.747 seconds
Platform modules already initialized, skipping
Refreshing native plugins compatible for Editor in 1.40 ms, found 0 plugins.
Preloading 0 native plugins for Editor in 0.00 ms.
Unloading 3874 Unused Serialized files (Serialized files now loaded: 0)
System memory in use before: 190.6 MB.
System memory in use after: 190.8 MB.

Unloading 17 unused Assets to reduce memory usage. Loaded Objects now: 4768.
Total: 14.014900 ms (FindLiveObjects: 1.421900 ms CreateObjectMapping: 1.266100 ms MarkObjects: 11.176700 ms  DeleteObjects: 0.147300 ms)

========================================================================
Received Import Request.
  Time since last request: 326.498525 seconds.
  path: Assets/Prefabs/Player [connId=0].prefab
  artifactKey: Guid(3279e285243f289499e16190f4988d6c) Importer(815301076,1909f56bfc062723c751e8b465ee728b)
Start importing Assets/Prefabs/Player [connId=0].prefab using Guid(3279e285243f289499e16190f4988d6c) Importer(815301076,1909f56bfc062723c751e8b465ee728b)  -> (artifact id: '74ffdac8cf34554a929b44fc2d4979c1') in 2.435007 seconds
  Import took 2.575746 seconds .

========================================================================
Received Import Request.
  Time since last request: 45.279578 seconds.
  path: Assets/Prefabs/Camera.prefab
  artifactKey: Guid(7dfca9bea88609c43890fbd924e69452) Importer(815301076,1909f56bfc062723c751e8b465ee728b)
Start importing Assets/Prefabs/Camera.prefab using Guid(7dfca9bea88609c43890fbd924e69452) Importer(815301076,1909f56bfc062723c751e8b465ee728b)  -> (artifact id: '3a02fd428a28e8561dc0e50edddaf1ad') in 0.012813 seconds
  Import took 0.294991 seconds .

========================================================================
Received Import Request.
  Time since last request: 12.059140 seconds.
  path: Assets/Prefabs/Player [connId=0].prefab
  artifactKey: Guid(3279e285243f289499e16190f4988d6c) Importer(815301076,1909f56bfc062723c751e8b465ee728b)
Start importing Assets/Prefabs/Player [connId=0].prefab using Guid(3279e285243f289499e16190f4988d6c) Importer(815301076,1909f56bfc062723c751e8b465ee728b)  -> (artifact id: '070f063126dadb728b35a7e2fec482f2') in 0.617564 seconds
  Import took 0.671569 seconds .

========================================================================
Received Import Request.
  Time since last request: 4.682122 seconds.
  path: Assets/Prefabs/Main Camera.prefab
  artifactKey: Guid(d1940f0c42fb6d545ac89d3afcf401f1) Importer(815301076,1909f56bfc062723c751e8b465ee728b)
Start importing Assets/Prefabs/Main Camera.prefab using Guid(d1940f0c42fb6d545ac89d3afcf401f1) Importer(815301076,1909f56bfc062723c751e8b465ee728b)  -> (artifact id: '8659220a26ae7db383b0da032093c298') in 0.008796 seconds
  Import took 0.030641 seconds .

========================================================================
Received Import Request.
  Time since last request: 0.031248 seconds.
  path: Assets/Prefabs/Main Camera.prefab
  artifactKey: Guid(d1940f0c42fb6d545ac89d3afcf401f1) Importer(815301076,1909f56bfc062723c751e8b465ee728b)
Start importing Assets/Prefabs/Main Camera.prefab using Guid(d1940f0c42fb6d545ac89d3afcf401f1) Importer(815301076,1909f56bfc062723c751e8b465ee728b)  -> (artifact id: '8659220a26ae7db383b0da032093c298') in 0.009918 seconds
  Import took 0.038288 seconds .

========================================================================
Received Import Request.
  Time since last request: 19.628249 seconds.
  path: Assets/Prefabs/Player [connId=0].prefab
  artifactKey: Guid(3279e285243f289499e16190f4988d6c) Importer(815301076,1909f56bfc062723c751e8b465ee728b)
Start importing Assets/Prefabs/Player [connId=0].prefab using Guid(3279e285243f289499e16190f4988d6c) Importer(815301076,1909f56bfc062723c751e8b465ee728b)  -> (artifact id: '0a25cd34cf8feb785afe9f006163b2dd') in 0.110851 seconds
  Import took 0.143318 seconds .

========================================================================
Received Prepare
Registering precompiled user dll's ...
Registered in 0.008782 seconds.
Begin MonoManager ReloadAssembly
Native extension for LinuxStandalone target not found
Native extension for WindowsStandalone target not found
Native extension for OSXStandalone target not found
Native extension for WebGL target not found
Refreshing native plugins compatible for Editor in 1.24 ms, found 0 plugins.
Preloading 0 native plugins for Editor in 0.00 ms.
Warning: Annotation not found!
UnityEngine.StackTraceUtility:ExtractStackTrace ()
UnityEditor.ProBuilder.EditorUtility:SetGizmoIconEnabled (System.Type,bool) (at E:/ALLES/Code/Unity/Raumfahrttest/Raumfahrt1/Library/PackageCache/com.unity.probuilder@4.5.0/Editor/EditorCore/EditorUtility.cs:593)
UnityEditor.ProBuilder.HierarchyListener:.cctor () (at E:/ALLES/Code/Unity/Raumfahrttest/Raumfahrt1/Library/PackageCache/com.unity.probuilder@4.5.0/Editor/EditorCore/HierarchyListener.cs:21)
System.Runtime.CompilerServices.RuntimeHelpers:RunClassConstructor (System.RuntimeTypeHandle)
UnityEditor.EditorAssemblies:ProcessInitializeOnLoadAttributes (System.Type[])

[E:/ALLES/Code/Unity/Raumfahrttest/Raumfahrt1/Library/PackageCache/com.unity.probuilder@4.5.0/Editor/EditorCore/EditorUtility.cs line 593]

Invoked RoslynAnalysisRunner static constructor.
RoslynAnalysisRunner will not be running.
RoslynAnalysisRunner has terminated.
Mono: successfully reloaded assembly
- Completed reload, in  5.129 seconds
Platform modules already initialized, skipping
Refreshing native plugins compatible for Editor in 1.40 ms, found 0 plugins.
Preloading 0 native plugins for Editor in 0.00 ms.
Unloading 3862 Unused Serialized files (Serialized files now loaded: 0)
System memory in use before: 190.6 MB.
System memory in use after: 190.8 MB.

Unloading 17 unused Assets to reduce memory usage. Loaded Objects now: 4873.
Total: 10.594200 ms (FindLiveObjects: 1.621100 ms CreateObjectMapping: 1.451100 ms MarkObjects: 7.387600 ms  DeleteObjects: 0.128500 ms)

========================================================================
Received Prepare
Registering precompiled user dll's ...
Registered in 0.016491 seconds.
Begin MonoManager ReloadAssembly
Native extension for LinuxStandalone target not found
Native extension for WindowsStandalone target not found
Native extension for OSXStandalone target not found
Native extension for WebGL target not found
Refreshing native plugins compatible for Editor in 1.82 ms, found 0 plugins.
Preloading 0 native plugins for Editor in 0.00 ms.
Warning: Annotation not found!
UnityEngine.StackTraceUtility:ExtractStackTrace ()
UnityEditor.ProBuilder.EditorUtility:SetGizmoIconEnabled (System.Type,bool) (at E:/ALLES/Code/Unity/Raumfahrttest/Raumfahrt1/Library/PackageCache/com.unity.probuilder@4.5.0/Editor/EditorCore/EditorUtility.cs:593)
UnityEditor.ProBuilder.HierarchyListener:.cctor () (at E:/ALLES/Code/Unity/Raumfahrttest/Raumfahrt1/Library/PackageCache/com.unity.probuilder@4.5.0/Editor/EditorCore/HierarchyListener.cs:21)
System.Runtime.CompilerServices.RuntimeHelpers:RunClassConstructor (System.RuntimeTypeHandle)
UnityEditor.EditorAssemblies:ProcessInitializeOnLoadAttributes (System.Type[])

[E:/ALLES/Code/Unity/Raumfahrttest/Raumfahrt1/Library/PackageCache/com.unity.probuilder@4.5.0/Editor/EditorCore/EditorUtility.cs line 593]

Invoked RoslynAnalysisRunner static constructor.
RoslynAnalysisRunner will not be running.
RoslynAnalysisRunner has terminated.
Mono: successfully reloaded assembly
- Completed reload, in  2.214 seconds
Platform modules already initialized, skipping
Refreshing native plugins compatible for Editor in 0.80 ms, found 0 plugins.
Preloading 0 native plugins for Editor in 0.00 ms.
Unloading 3862 Unused Serialized files (Serialized files now loaded: 0)
System memory in use before: 190.7 MB.
System memory in use after: 190.9 MB.

Unloading 17 unused Assets to reduce memory usage. Loaded Objects now: 4876.
Total: 5.646400 ms (FindLiveObjects: 0.641900 ms CreateObjectMapping: 0.383700 ms MarkObjects: 4.510500 ms  DeleteObjects: 0.108200 ms)

========================================================================
Received Import Request.
  Time since last request: 142.566426 seconds.
  path: Assets/Scripts/PlayerMovement.cs
  artifactKey: Guid(0ba93dbaee096f94282b0a80e40d3de7) Importer(815301076,1909f56bfc062723c751e8b465ee728b)
Start importing Assets/Scripts/PlayerMovement.cs using Guid(0ba93dbaee096f94282b0a80e40d3de7) Importer(815301076,1909f56bfc062723c751e8b465ee728b)  -> (artifact id: 'c9af77afe031f6f35f01c98ee377dbe8') in 0.023923 seconds
  Import took 0.074347 seconds .

========================================================================
Received Prepare
Registering precompiled user dll's ...
Registered in 0.002777 seconds.
Begin MonoManager ReloadAssembly
Native extension for LinuxStandalone target not found
Native extension for WindowsStandalone target not found
Native extension for OSXStandalone target not found
Native extension for WebGL target not found
Refreshing native plugins compatible for Editor in 1.45 ms, found 0 plugins.
Preloading 0 native plugins for Editor in 0.00 ms.
Warning: Annotation not found!
UnityEngine.StackTraceUtility:ExtractStackTrace ()
UnityEditor.ProBuilder.EditorUtility:SetGizmoIconEnabled (System.Type,bool) (at E:/ALLES/Code/Unity/Raumfahrttest/Raumfahrt1/Library/PackageCache/com.unity.probuilder@4.5.0/Editor/EditorCore/EditorUtility.cs:593)
UnityEditor.ProBuilder.HierarchyListener:.cctor () (at E:/ALLES/Code/Unity/Raumfahrttest/Raumfahrt1/Library/PackageCache/com.unity.probuilder@4.5.0/Editor/EditorCore/HierarchyListener.cs:21)
System.Runtime.CompilerServices.RuntimeHelpers:RunClassConstructor (System.RuntimeTypeHandle)
UnityEditor.EditorAssemblies:ProcessInitializeOnLoadAttributes (System.Type[])

[E:/ALLES/Code/Unity/Raumfahrttest/Raumfahrt1/Library/PackageCache/com.unity.probuilder@4.5.0/Editor/EditorCore/EditorUtility.cs line 593]

Invoked RoslynAnalysisRunner static constructor.
RoslynAnalysisRunner will not be running.
RoslynAnalysisRunner has terminated.
Mono: successfully reloaded assembly
- Completed reload, in  2.374 seconds
Platform modules already initialized, skipping
Refreshing native plugins compatible for Editor in 1.17 ms, found 0 plugins.
Preloading 0 native plugins for Editor in 0.00 ms.
Unloading 3862 Unused Serialized files (Serialized files now loaded: 0)
System memory in use before: 190.7 MB.
System memory in use after: 190.9 MB.

Unloading 17 unused Assets to reduce memory usage. Loaded Objects now: 4879.
Total: 5.622100 ms (FindLiveObjects: 0.528400 ms CreateObjectMapping: 0.403400 ms MarkObjects: 4.582600 ms  DeleteObjects: 0.106100 ms)

========================================================================
Received Import Request.
  Time since last request: 27.712197 seconds.
  path: Assets/Materials/REd.mat
  artifactKey: Guid(9a220499abad93447b9428c0899b1c27) Importer(815301076,1909f56bfc062723c751e8b465ee728b)
Start importing Assets/Materials/REd.mat using Guid(9a220499abad93447b9428c0899b1c27) Importer(815301076,1909f56bfc062723c751e8b465ee728b)  -> (artifact id: '80bfacbfbf8d322599db15329c63052a') in 1.503371 seconds
  Import took 1.577774 seconds .

========================================================================
Received Import Request.
  Time since last request: 0.000648 seconds.
  path: Assets/Materials/cubemat.mat
  artifactKey: Guid(2e63201279d874d4da56385e986d295b) Importer(815301076,1909f56bfc062723c751e8b465ee728b)
Start importing Assets/Materials/cubemat.mat using Guid(2e63201279d874d4da56385e986d295b) Importer(815301076,1909f56bfc062723c751e8b465ee728b)  -> (artifact id: '88467d72aca3a9e68758fc20c182e102') in 0.181692 seconds
  Import took 0.217586 seconds .

========================================================================
Received Import Request.
  Time since last request: 0.000587 seconds.
  path: Assets/Materials/testplanemat.mat
  artifactKey: Guid(e0601391422051a40b67291887dcd661) Importer(815301076,1909f56bfc062723c751e8b465ee728b)
Start importing Assets/Materials/testplanemat.mat using Guid(e0601391422051a40b67291887dcd661) Importer(815301076,1909f56bfc062723c751e8b465ee728b)  -> (artifact id: '23e18e8c7abbb066647f082c47661975') in 0.127907 seconds
  Import took 0.191310 seconds .

========================================================================
Received Prepare
Refreshing native plugins compatible for Editor in 4.27 ms, found 0 plugins.
Preloading 0 native plugins for Editor in 0.00 ms.
Unloading 9 Unused Serialized files (Serialized files now loaded: 0)
System memory in use before: 132.1 MB.
System memory in use after: 132.4 MB.

Unloading 9 unused Assets to reduce memory usage. Loaded Objects now: 5298.
Total: 19.578900 ms (FindLiveObjects: 1.462500 ms CreateObjectMapping: 0.917000 ms MarkObjects: 17.013000 ms  DeleteObjects: 0.182300 ms)

========================================================================
Received Import Request.
  Time since last request: 1073.982683 seconds.
  path: Assets/Prefabs/Main Camera.prefab
  artifactKey: Guid(d1940f0c42fb6d545ac89d3afcf401f1) Importer(815301076,1909f56bfc062723c751e8b465ee728b)
Start importing Assets/Prefabs/Main Camera.prefab using Guid(d1940f0c42fb6d545ac89d3afcf401f1) Importer(815301076,1909f56bfc062723c751e8b465ee728b)  -> (artifact id: '0b5a045ae01768098432df163a9ffd4f') in 0.852340 seconds
  Import took 1.136291 seconds .

========================================================================
Received Import Request.
  Time since last request: 16.745215 seconds.
  path: Assets/Prefabs/Player [connId=0].prefab
  artifactKey: Guid(3279e285243f289499e16190f4988d6c) Importer(815301076,1909f56bfc062723c751e8b465ee728b)
Start importing Assets/Prefabs/Player [connId=0].prefab using Guid(3279e285243f289499e16190f4988d6c) Importer(815301076,1909f56bfc062723c751e8b465ee728b)  -> (artifact id: '61fa4fc096e479eacd6532e1a130b615') in 1.377994 seconds
  Import took 1.429398 seconds .

========================================================================
Received Prepare
Registering precompiled user dll's ...
Registered in 0.005604 seconds.
Begin MonoManager ReloadAssembly
Native extension for LinuxStandalone target not found
Native extension for WindowsStandalone target not found
Native extension for OSXStandalone target not found
Native extension for WebGL target not found
Refreshing native plugins compatible for Editor in 0.75 ms, found 0 plugins.
Preloading 0 native plugins for Editor in 0.00 ms.
Warning: Annotation not found!
UnityEngine.StackTraceUtility:ExtractStackTrace ()
UnityEditor.ProBuilder.EditorUtility:SetGizmoIconEnabled (System.Type,bool) (at E:/ALLES/Code/Unity/Raumfahrttest/Raumfahrt1/Library/PackageCache/com.unity.probuilder@4.5.0/Editor/EditorCore/EditorUtility.cs:593)
UnityEditor.ProBuilder.HierarchyListener:.cctor () (at E:/ALLES/Code/Unity/Raumfahrttest/Raumfahrt1/Library/PackageCache/com.unity.probuilder@4.5.0/Editor/EditorCore/HierarchyListener.cs:21)
System.Runtime.CompilerServices.RuntimeHelpers:RunClassConstructor (System.RuntimeTypeHandle)
UnityEditor.EditorAssemblies:ProcessInitializeOnLoadAttributes (System.Type[])

[E:/ALLES/Code/Unity/Raumfahrttest/Raumfahrt1/Library/PackageCache/com.unity.probuilder@4.5.0/Editor/EditorCore/EditorUtility.cs line 593]

Invoked RoslynAnalysisRunner static constructor.
RoslynAnalysisRunner will not be running.
RoslynAnalysisRunner has terminated.
Mono: successfully reloaded assembly
- Completed reload, in  1.959 seconds
Platform modules already initialized, skipping
Refreshing native plugins compatible for Editor in 1.09 ms, found 0 plugins.
Preloading 0 native plugins for Editor in 0.00 ms.
Unloading 3862 Unused Serialized files (Serialized files now loaded: 0)
System memory in use before: 191.2 MB.
System memory in use after: 191.5 MB.

Unloading 17 unused Assets to reduce memory usage. Loaded Objects now: 5017.
Total: 6.043400 ms (FindLiveObjects: 0.628100 ms CreateObjectMapping: 0.376900 ms MarkObjects: 4.887100 ms  DeleteObjects: 0.148400 ms)

========================================================================
Received Prepare
Registering precompiled user dll's ...
Registered in 0.004398 seconds.
Begin MonoManager ReloadAssembly
Native extension for LinuxStandalone target not found
Native extension for WindowsStandalone target not found
Native extension for OSXStandalone target not found
Native extension for WebGL target not found
Refreshing native plugins compatible for Editor in 0.81 ms, found 0 plugins.
Preloading 0 native plugins for Editor in 0.00 ms.
Warning: Annotation not found!
UnityEngine.StackTraceUtility:ExtractStackTrace ()
UnityEditor.ProBuilder.EditorUtility:SetGizmoIconEnabled (System.Type,bool) (at E:/ALLES/Code/Unity/Raumfahrttest/Raumfahrt1/Library/PackageCache/com.unity.probuilder@4.5.0/Editor/EditorCore/EditorUtility.cs:593)
UnityEditor.ProBuilder.HierarchyListener:.cctor () (at E:/ALLES/Code/Unity/Raumfahrttest/Raumfahrt1/Library/PackageCache/com.unity.probuilder@4.5.0/Editor/EditorCore/HierarchyListener.cs:21)
System.Runtime.CompilerServices.RuntimeHelpers:RunClassConstructor (System.RuntimeTypeHandle)
UnityEditor.EditorAssemblies:ProcessInitializeOnLoadAttributes (System.Type[])

[E:/ALLES/Code/Unity/Raumfahrttest/Raumfahrt1/Library/PackageCache/com.unity.probuilder@4.5.0/Editor/EditorCore/EditorUtility.cs line 593]

Invoked RoslynAnalysisRunner static constructor.
RoslynAnalysisRunner will not be running.
RoslynAnalysisRunner has terminated.
Mono: successfully reloaded assembly
- Completed reload, in  1.771 seconds
Platform modules already initialized, skipping
Refreshing native plugins compatible for Editor in 2.64 ms, found 0 plugins.
Preloading 0 native plugins for Editor in 0.00 ms.
Unloading 3862 Unused Serialized files (Serialized files now loaded: 0)
System memory in use before: 191.2 MB.
System memory in use after: 191.5 MB.

Unloading 17 unused Assets to reduce memory usage. Loaded Objects now: 5020.
Total: 4.773200 ms (FindLiveObjects: 0.567500 ms CreateObjectMapping: 0.347900 ms MarkObjects: 3.750400 ms  DeleteObjects: 0.105700 ms)

========================================================================
Received Prepare
Registering precompiled user dll's ...
Registered in 0.004157 seconds.
Begin MonoManager ReloadAssembly
Native extension for LinuxStandalone target not found
Native extension for WindowsStandalone target not found
Native extension for OSXStandalone target not found
Native extension for WebGL target not found
Refreshing native plugins compatible for Editor in 0.93 ms, found 0 plugins.
Preloading 0 native plugins for Editor in 0.00 ms.
Warning: Annotation not found!
UnityEngine.StackTraceUtility:ExtractStackTrace ()
UnityEditor.ProBuilder.EditorUtility:SetGizmoIconEnabled (System.Type,bool) (at E:/ALLES/Code/Unity/Raumfahrttest/Raumfahrt1/Library/PackageCache/com.unity.probuilder@4.5.0/Editor/EditorCore/EditorUtility.cs:593)
UnityEditor.ProBuilder.HierarchyListener:.cctor () (at E:/ALLES/Code/Unity/Raumfahrttest/Raumfahrt1/Library/PackageCache/com.unity.probuilder@4.5.0/Editor/EditorCore/HierarchyListener.cs:21)
System.Runtime.CompilerServices.RuntimeHelpers:RunClassConstructor (System.RuntimeTypeHandle)
UnityEditor.EditorAssemblies:ProcessInitializeOnLoadAttributes (System.Type[])

[E:/ALLES/Code/Unity/Raumfahrttest/Raumfahrt1/Library/PackageCache/com.unity.probuilder@4.5.0/Editor/EditorCore/EditorUtility.cs line 593]

Invoked RoslynAnalysisRunner static constructor.
RoslynAnalysisRunner will not be running.
RoslynAnalysisRunner has terminated.
Mono: successfully reloaded assembly
- Completed reload, in  2.449 seconds
Platform modules already initialized, skipping
Refreshing native plugins compatible for Editor in 0.96 ms, found 0 plugins.
Preloading 0 native plugins for Editor in 0.00 ms.
Unloading 3862 Unused Serialized files (Serialized files now loaded: 0)
System memory in use before: 191.2 MB.
System memory in use after: 191.5 MB.

Unloading 17 unused Assets to reduce memory usage. Loaded Objects now: 5023.
Total: 5.447100 ms (FindLiveObjects: 0.607000 ms CreateObjectMapping: 0.361500 ms MarkObjects: 4.346200 ms  DeleteObjects: 0.130500 ms)

========================================================================
Received Prepare
Registering precompiled user dll's ...
Registered in 0.005224 seconds.
Begin MonoManager ReloadAssembly
Native extension for LinuxStandalone target not found
Native extension for WindowsStandalone target not found
Native extension for OSXStandalone target not found
Native extension for WebGL target not found
Refreshing native plugins compatible for Editor in 1.00 ms, found 0 plugins.
Preloading 0 native plugins for Editor in 0.00 ms.
Warning: Annotation not found!
UnityEngine.StackTraceUtility:ExtractStackTrace ()
UnityEditor.ProBuilder.EditorUtility:SetGizmoIconEnabled (System.Type,bool) (at E:/ALLES/Code/Unity/Raumfahrttest/Raumfahrt1/Library/PackageCache/com.unity.probuilder@4.5.0/Editor/EditorCore/EditorUtility.cs:593)
UnityEditor.ProBuilder.HierarchyListener:.cctor () (at E:/ALLES/Code/Unity/Raumfahrttest/Raumfahrt1/Library/PackageCache/com.unity.probuilder@4.5.0/Editor/EditorCore/HierarchyListener.cs:21)
System.Runtime.CompilerServices.RuntimeHelpers:RunClassConstructor (System.RuntimeTypeHandle)
UnityEditor.EditorAssemblies:ProcessInitializeOnLoadAttributes (System.Type[])

[E:/ALLES/Code/Unity/Raumfahrttest/Raumfahrt1/Library/PackageCache/com.unity.probuilder@4.5.0/Editor/EditorCore/EditorUtility.cs line 593]

Invoked RoslynAnalysisRunner static constructor.
RoslynAnalysisRunner will not be running.
RoslynAnalysisRunner has terminated.
Mono: successfully reloaded assembly
- Completed reload, in  2.027 seconds
Platform modules already initialized, skipping
Refreshing native plugins compatible for Editor in 0.88 ms, found 0 plugins.
Preloading 0 native plugins for Editor in 0.00 ms.
Unloading 3862 Unused Serialized files (Serialized files now loaded: 0)
System memory in use before: 191.3 MB.
System memory in use after: 191.5 MB.

Unloading 17 unused Assets to reduce memory usage. Loaded Objects now: 5026.
Total: 5.416600 ms (FindLiveObjects: 0.748300 ms CreateObjectMapping: 0.360200 ms MarkObjects: 4.188100 ms  DeleteObjects: 0.118200 ms)

========================================================================
Received Prepare
Registering precompiled user dll's ...
Registered in 0.003932 seconds.
Begin MonoManager ReloadAssembly
Native extension for LinuxStandalone target not found
Native extension for WindowsStandalone target not found
Native extension for OSXStandalone target not found
Native extension for WebGL target not found
Refreshing native plugins compatible for Editor in 4.49 ms, found 0 plugins.
Preloading 0 native plugins for Editor in 0.00 ms.
Warning: Annotation not found!
UnityEngine.StackTraceUtility:ExtractStackTrace ()
UnityEditor.ProBuilder.EditorUtility:SetGizmoIconEnabled (System.Type,bool) (at E:/ALLES/Code/Unity/Raumfahrttest/Raumfahrt1/Library/PackageCache/com.unity.probuilder@4.5.0/Editor/EditorCore/EditorUtility.cs:593)
UnityEditor.ProBuilder.HierarchyListener:.cctor () (at E:/ALLES/Code/Unity/Raumfahrttest/Raumfahrt1/Library/PackageCache/com.unity.probuilder@4.5.0/Editor/EditorCore/HierarchyListener.cs:21)
System.Runtime.CompilerServices.RuntimeHelpers:RunClassConstructor (System.RuntimeTypeHandle)
UnityEditor.EditorAssemblies:ProcessInitializeOnLoadAttributes (System.Type[])

[E:/ALLES/Code/Unity/Raumfahrttest/Raumfahrt1/Library/PackageCache/com.unity.probuilder@4.5.0/Editor/EditorCore/EditorUtility.cs line 593]

Invoked RoslynAnalysisRunner static constructor.
RoslynAnalysisRunner will not be running.
RoslynAnalysisRunner has terminated.
Mono: successfully reloaded assembly
- Completed reload, in  2.581 seconds
Platform modules already initialized, skipping
Refreshing native plugins compatible for Editor in 0.98 ms, found 0 plugins.
Preloading 0 native plugins for Editor in 0.00 ms.
Unloading 3862 Unused Serialized files (Serialized files now loaded: 0)
System memory in use before: 191.3 MB.
System memory in use after: 191.5 MB.

Unloading 17 unused Assets to reduce memory usage. Loaded Objects now: 5029.
Total: 5.769900 ms (FindLiveObjects: 0.959400 ms CreateObjectMapping: 0.424300 ms MarkObjects: 4.280500 ms  DeleteObjects: 0.103700 ms)

========================================================================
Received Prepare
Registering precompiled user dll's ...
Registered in 0.017358 seconds.
Begin MonoManager ReloadAssembly
Native extension for LinuxStandalone target not found
Native extension for WindowsStandalone target not found
Native extension for OSXStandalone target not found
Native extension for WebGL target not found
Refreshing native plugins compatible for Editor in 1.55 ms, found 0 plugins.
Preloading 0 native plugins for Editor in 0.00 ms.
Warning: Annotation not found!
UnityEngine.StackTraceUtility:ExtractStackTrace ()
UnityEditor.ProBuilder.EditorUtility:SetGizmoIconEnabled (System.Type,bool) (at E:/ALLES/Code/Unity/Raumfahrttest/Raumfahrt1/Library/PackageCache/com.unity.probuilder@4.5.0/Editor/EditorCore/EditorUtility.cs:593)
UnityEditor.ProBuilder.HierarchyListener:.cctor () (at E:/ALLES/Code/Unity/Raumfahrttest/Raumfahrt1/Library/PackageCache/com.unity.probuilder@4.5.0/Editor/EditorCore/HierarchyListener.cs:21)
System.Runtime.CompilerServices.RuntimeHelpers:RunClassConstructor (System.RuntimeTypeHandle)
UnityEditor.EditorAssemblies:ProcessInitializeOnLoadAttributes (System.Type[])

[E:/ALLES/Code/Unity/Raumfahrttest/Raumfahrt1/Library/PackageCache/com.unity.probuilder@4.5.0/Editor/EditorCore/EditorUtility.cs line 593]

Invoked RoslynAnalysisRunner static constructor.
RoslynAnalysisRunner will not be running.
RoslynAnalysisRunner has terminated.
Mono: successfully reloaded assembly
- Completed reload, in 11.411 seconds
Platform modules already initialized, skipping
Refreshing native plugins compatible for Editor in 4.38 ms, found 0 plugins.
Preloading 0 native plugins for Editor in 0.00 ms.
Unloading 3862 Unused Serialized files (Serialized files now loaded: 0)
System memory in use before: 191.3 MB.
System memory in use after: 191.5 MB.

Unloading 17 unused Assets to reduce memory usage. Loaded Objects now: 5032.
Total: 75.577300 ms (FindLiveObjects: 5.833200 ms CreateObjectMapping: 2.508600 ms MarkObjects: 64.127500 ms  DeleteObjects: 3.094700 ms)

========================================================================
Received Prepare
Registering precompiled user dll's ...
Registered in 0.462291 seconds.
Begin MonoManager ReloadAssembly
Native extension for LinuxStandalone target not found
Native extension for WindowsStandalone target not found
Native extension for OSXStandalone target not found
Native extension for WebGL target not found
Refreshing native plugins compatible for Editor in 1.45 ms, found 0 plugins.
Preloading 0 native plugins for Editor in 0.00 ms.
Warning: Annotation not found!
UnityEngine.StackTraceUtility:ExtractStackTrace ()
UnityEditor.ProBuilder.EditorUtility:SetGizmoIconEnabled (System.Type,bool) (at E:/ALLES/Code/Unity/Raumfahrttest/Raumfahrt1/Library/PackageCache/com.unity.probuilder@4.5.0/Editor/EditorCore/EditorUtility.cs:593)
UnityEditor.ProBuilder.HierarchyListener:.cctor () (at E:/ALLES/Code/Unity/Raumfahrttest/Raumfahrt1/Library/PackageCache/com.unity.probuilder@4.5.0/Editor/EditorCore/HierarchyListener.cs:21)
System.Runtime.CompilerServices.RuntimeHelpers:RunClassConstructor (System.RuntimeTypeHandle)
UnityEditor.EditorAssemblies:ProcessInitializeOnLoadAttributes (System.Type[])

[E:/ALLES/Code/Unity/Raumfahrttest/Raumfahrt1/Library/PackageCache/com.unity.probuilder@4.5.0/Editor/EditorCore/EditorUtility.cs line 593]

Invoked RoslynAnalysisRunner static constructor.
RoslynAnalysisRunner will not be running.
RoslynAnalysisRunner has terminated.
Mono: successfully reloaded assembly
- Completed reload, in  5.479 seconds
Platform modules already initialized, skipping
Refreshing native plugins compatible for Editor in 1.73 ms, found 0 plugins.
Preloading 0 native plugins for Editor in 0.00 ms.
Unloading 3862 Unused Serialized files (Serialized files now loaded: 0)
System memory in use before: 191.3 MB.
System memory in use after: 191.5 MB.

Unloading 17 unused Assets to reduce memory usage. Loaded Objects now: 5035.
Total: 13.152900 ms (FindLiveObjects: 1.804500 ms CreateObjectMapping: 0.428100 ms MarkObjects: 9.434900 ms  DeleteObjects: 1.482100 ms)

========================================================================
Received Prepare
Registering precompiled user dll's ...
Registered in 0.127222 seconds.
Begin MonoManager ReloadAssembly
Native extension for LinuxStandalone target not found
Native extension for WindowsStandalone target not found
Native extension for OSXStandalone target not found
Native extension for WebGL target not found
Refreshing native plugins compatible for Editor in 6.24 ms, found 0 plugins.
Preloading 0 native plugins for Editor in 0.00 ms.
Warning: Annotation not found!
UnityEngine.StackTraceUtility:ExtractStackTrace ()
UnityEditor.ProBuilder.EditorUtility:SetGizmoIconEnabled (System.Type,bool) (at E:/ALLES/Code/Unity/Raumfahrttest/Raumfahrt1/Library/PackageCache/com.unity.probuilder@4.5.0/Editor/EditorCore/EditorUtility.cs:593)
UnityEditor.ProBuilder.HierarchyListener:.cctor () (at E:/ALLES/Code/Unity/Raumfahrttest/Raumfahrt1/Library/PackageCache/com.unity.probuilder@4.5.0/Editor/EditorCore/HierarchyListener.cs:21)
System.Runtime.CompilerServices.RuntimeHelpers:RunClassConstructor (System.RuntimeTypeHandle)
UnityEditor.EditorAssemblies:ProcessInitializeOnLoadAttributes (System.Type[])

[E:/ALLES/Code/Unity/Raumfahrttest/Raumfahrt1/Library/PackageCache/com.unity.probuilder@4.5.0/Editor/EditorCore/EditorUtility.cs line 593]

Invoked RoslynAnalysisRunner static constructor.
RoslynAnalysisRunner will not be running.
RoslynAnalysisRunner has terminated.
Mono: successfully reloaded assembly
- Completed reload, in  7.734 seconds
Platform modules already initialized, skipping
Refreshing native plugins compatible for Editor in 3.18 ms, found 0 plugins.
Preloading 0 native plugins for Editor in 0.00 ms.
Unloading 3862 Unused Serialized files (Serialized files now loaded: 0)
System memory in use before: 191.3 MB.
System memory in use after: 191.5 MB.

Unloading 17 unused Assets to reduce memory usage. Loaded Objects now: 5038.
Total: 36.390200 ms (FindLiveObjects: 1.877300 ms CreateObjectMapping: 0.579400 ms MarkObjects: 29.135800 ms  DeleteObjects: 4.785700 ms)

